1732260802.599927 client started (12960): version 3.4, socket /tmp/tmux-1000/default, protocol 8
1732260802.600031 on Linux 6.8.0-48-generic #48-Ubuntu SMP PREEMPT_DYNAMIC Fri Sep 27 14:04:52 UTC 2024
1732260802.600059 using libevent 2.1.12-stable poll
1732260802.600080 using ncurses 6.4 20240113
1732260802.600151 flags are 0x18010000
1732260802.600195 socket is /tmp/tmux-1000/default
1732260802.600229 trying connect
1732260802.600292 connect failed: No such file or directory
1732260802.600335 lock file is /tmp/tmux-1000/default.lock
1732260802.600507 flock succeeded
1732260802.600541 got lock (6)
1732260802.600577 trying connect
1732260802.600625 connect failed: No such file or directory
1732260802.601621 add peer 0x653ac775b890: 7 ((nil))
1732260802.603554 sending message 100 to peer 0x653ac775b890 (4 bytes)
1732260802.603610 sending message 111 to peer 0x653ac775b890 (8 bytes)
1732260802.603636 sending message 101 to peer 0x653ac775b890 (15 bytes)
1732260802.603654 sending message 109 to peer 0x653ac775b890 (4 bytes)
1732260802.603671 sending message 102 to peer 0x653ac775b890 (11 bytes)
1732260802.603690 sending message 108 to peer 0x653ac775b890 (81 bytes)
1732260802.603709 sending message 112 to peer 0x653ac775b890 (58 bytes)
1732260802.603727 sending message 112 to peer 0x653ac775b890 (5 bytes)
1732260802.603744 sending message 112 to peer 0x653ac775b890 (5 bytes)
1732260802.603762 sending message 112 to peer 0x653ac775b890 (6 bytes)
1732260802.603781 sending message 112 to peer 0x653ac775b890 (6 bytes)
1732260802.603799 sending message 112 to peer 0x653ac775b890 (11 bytes)
1732260802.603817 sending message 112 to peer 0x653ac775b890 (10 bytes)
1732260802.603840 sending message 112 to peer 0x653ac775b890 (13 bytes)
1732260802.603864 sending message 112 to peer 0x653ac775b890 (14 bytes)
1732260802.603898 sending message 112 to peer 0x653ac775b890 (19 bytes)
1732260802.603927 sending message 112 to peer 0x653ac775b890 (11 bytes)
1732260802.603950 sending message 112 to peer 0x653ac775b890 (10 bytes)
1732260802.603974 sending message 112 to peer 0x653ac775b890 (15 bytes)
1732260802.603997 sending message 112 to peer 0x653ac775b890 (21 bytes)
1732260802.604018 sending message 112 to peer 0x653ac775b890 (13 bytes)
1732260802.604041 sending message 112 to peer 0x653ac775b890 (7 bytes)
1732260802.604066 sending message 112 to peer 0x653ac775b890 (13 bytes)
1732260802.604091 sending message 112 to peer 0x653ac775b890 (7 bytes)
1732260802.604126 sending message 112 to peer 0x653ac775b890 (13 bytes)
1732260802.604149 sending message 112 to peer 0x653ac775b890 (9 bytes)
1732260802.604172 sending message 112 to peer 0x653ac775b890 (21 bytes)
1732260802.604191 sending message 112 to peer 0x653ac775b890 (13 bytes)
1732260802.604209 sending message 112 to peer 0x653ac775b890 (9 bytes)
1732260802.604227 sending message 112 to peer 0x653ac775b890 (16 bytes)
1732260802.604246 sending message 112 to peer 0x653ac775b890 (13 bytes)
1732260802.604263 sending message 112 to peer 0x653ac775b890 (9 bytes)
1732260802.604281 sending message 112 to peer 0x653ac775b890 (9 bytes)
1732260802.604300 sending message 112 to peer 0x653ac775b890 (12 bytes)
1732260802.604318 sending message 112 to peer 0x653ac775b890 (8 bytes)
1732260802.604336 sending message 112 to peer 0x653ac775b890 (8 bytes)
1732260802.604388 sending message 112 to peer 0x653ac775b890 (13 bytes)
1732260802.604406 sending message 112 to peer 0x653ac775b890 (7 bytes)
1732260802.604446 sending message 112 to peer 0x653ac775b890 (7 bytes)
1732260802.604477 sending message 112 to peer 0x653ac775b890 (9 bytes)
1732260802.604497 sending message 112 to peer 0x653ac775b890 (9 bytes)
1732260802.604516 sending message 112 to peer 0x653ac775b890 (15 bytes)
1732260802.604534 sending message 112 to peer 0x653ac775b890 (13 bytes)
1732260802.604553 sending message 112 to peer 0x653ac775b890 (12 bytes)
1732260802.604573 sending message 112 to peer 0x653ac775b890 (8 bytes)
1732260802.604591 sending message 112 to peer 0x653ac775b890 (14 bytes)
1732260802.604610 sending message 112 to peer 0x653ac775b890 (11 bytes)
1732260802.604667 sending message 112 to peer 0x653ac775b890 (9 bytes)
1732260802.604693 sending message 112 to peer 0x653ac775b890 (10 bytes)
1732260802.604713 sending message 112 to peer 0x653ac775b890 (10 bytes)
1732260802.604732 sending message 112 to peer 0x653ac775b890 (10 bytes)
1732260802.604750 sending message 112 to peer 0x653ac775b890 (10 bytes)
1732260802.604769 sending message 112 to peer 0x653ac775b890 (11 bytes)
1732260802.604788 sending message 112 to peer 0x653ac775b890 (12 bytes)
1732260802.604810 sending message 112 to peer 0x653ac775b890 (12 bytes)
1732260802.604828 sending message 112 to peer 0x653ac775b890 (12 bytes)
1732260802.604846 sending message 112 to peer 0x653ac775b890 (12 bytes)
1732260802.604864 sending message 112 to peer 0x653ac775b890 (12 bytes)
1732260802.604891 sending message 112 to peer 0x653ac775b890 (11 bytes)
1732260802.604910 sending message 112 to peer 0x653ac775b890 (11 bytes)
1732260802.604929 sending message 112 to peer 0x653ac775b890 (12 bytes)
1732260802.604948 sending message 112 to peer 0x653ac775b890 (12 bytes)
1732260802.604966 sending message 112 to peer 0x653ac775b890 (12 bytes)
1732260802.604983 sending message 112 to peer 0x653ac775b890 (12 bytes)
1732260802.605004 sending message 112 to peer 0x653ac775b890 (12 bytes)
1732260802.605022 sending message 112 to peer 0x653ac775b890 (9 bytes)
1732260802.605040 sending message 112 to peer 0x653ac775b890 (12 bytes)
1732260802.605058 sending message 112 to peer 0x653ac775b890 (13 bytes)
1732260802.605077 sending message 112 to peer 0x653ac775b890 (13 bytes)
1732260802.605098 sending message 112 to peer 0x653ac775b890 (13 bytes)
1732260802.605116 sending message 112 to peer 0x653ac775b890 (13 bytes)
1732260802.605136 sending message 112 to peer 0x653ac775b890 (13 bytes)
1732260802.605158 sending message 112 to peer 0x653ac775b890 (8 bytes)
1732260802.605176 sending message 112 to peer 0x653ac775b890 (11 bytes)
1732260802.605194 sending message 112 to peer 0x653ac775b890 (11 bytes)
1732260802.605214 sending message 112 to peer 0x653ac775b890 (11 bytes)
1732260802.605235 sending message 112 to peer 0x653ac775b890 (12 bytes)
1732260802.605253 sending message 112 to peer 0x653ac775b890 (12 bytes)
1732260802.605271 sending message 112 to peer 0x653ac775b890 (12 bytes)
1732260802.605289 sending message 112 to peer 0x653ac775b890 (12 bytes)
1732260802.605307 sending message 112 to peer 0x653ac775b890 (13 bytes)
1732260802.605325 sending message 112 to peer 0x653ac775b890 (13 bytes)
1732260802.605342 sending message 112 to peer 0x653ac775b890 (13 bytes)
1732260802.605362 sending message 112 to peer 0x653ac775b890 (8 bytes)
1732260802.605380 sending message 112 to peer 0x653ac775b890 (13 bytes)
1732260802.605397 sending message 112 to peer 0x653ac775b890 (13 bytes)
1732260802.605436 sending message 112 to peer 0x653ac775b890 (13 bytes)
1732260802.605464 sending message 112 to peer 0x653ac775b890 (13 bytes)
1732260802.605483 sending message 112 to peer 0x653ac775b890 (13 bytes)
1732260802.605501 sending message 112 to peer 0x653ac775b890 (12 bytes)
1732260802.605519 sending message 112 to peer 0x653ac775b890 (12 bytes)
1732260802.605538 sending message 112 to peer 0x653ac775b890 (12 bytes)
1732260802.605563 sending message 112 to peer 0x653ac775b890 (12 bytes)
1732260802.605582 sending message 112 to peer 0x653ac775b890 (13 bytes)
1732260802.605601 sending message 112 to peer 0x653ac775b890 (8 bytes)
1732260802.605619 sending message 112 to peer 0x653ac775b890 (13 bytes)
1732260802.605643 sending message 112 to peer 0x653ac775b890 (13 bytes)
1732260802.605662 sending message 112 to peer 0x653ac775b890 (13 bytes)
1732260802.605681 sending message 112 to peer 0x653ac775b890 (13 bytes)
1732260802.605700 sending message 112 to peer 0x653ac775b890 (13 bytes)
1732260802.605719 sending message 112 to peer 0x653ac775b890 (13 bytes)
1732260802.605737 sending message 112 to peer 0x653ac775b890 (13 bytes)
1732260802.605755 sending message 112 to peer 0x653ac775b890 (12 bytes)
1732260802.605773 sending message 112 to peer 0x653ac775b890 (12 bytes)
1732260802.605815 sending message 112 to peer 0x653ac775b890 (12 bytes)
1732260802.605834 sending message 112 to peer 0x653ac775b890 (8 bytes)
1732260802.605853 sending message 112 to peer 0x653ac775b890 (12 bytes)
1732260802.605872 sending message 112 to peer 0x653ac775b890 (13 bytes)
1732260802.605890 sending message 112 to peer 0x653ac775b890 (13 bytes)
1732260802.605908 sending message 112 to peer 0x653ac775b890 (13 bytes)
1732260802.605926 sending message 112 to peer 0x653ac775b890 (13 bytes)
1732260802.605945 sending message 112 to peer 0x653ac775b890 (13 bytes)
1732260802.605962 sending message 112 to peer 0x653ac775b890 (13 bytes)
1732260802.605980 sending message 112 to peer 0x653ac775b890 (13 bytes)
1732260802.605998 sending message 112 to peer 0x653ac775b890 (13 bytes)
1732260802.606016 sending message 112 to peer 0x653ac775b890 (12 bytes)
1732260802.606034 sending message 112 to peer 0x653ac775b890 (10 bytes)
1732260802.606053 sending message 112 to peer 0x653ac775b890 (12 bytes)
1732260802.606072 sending message 112 to peer 0x653ac775b890 (12 bytes)
1732260802.606089 sending message 112 to peer 0x653ac775b890 (12 bytes)
1732260802.606108 sending message 112 to peer 0x653ac775b890 (13 bytes)
1732260802.606126 sending message 112 to peer 0x653ac775b890 (13 bytes)
1732260802.606144 sending message 112 to peer 0x653ac775b890 (13 bytes)
1732260802.606163 sending message 112 to peer 0x653ac775b890 (13 bytes)
1732260802.606181 sending message 112 to peer 0x653ac775b890 (13 bytes)
1732260802.606199 sending message 112 to peer 0x653ac775b890 (13 bytes)
1732260802.606217 sending message 112 to peer 0x653ac775b890 (13 bytes)
1732260802.606246 sending message 112 to peer 0x653ac775b890 (10 bytes)
1732260802.606266 sending message 112 to peer 0x653ac775b890 (13 bytes)
1732260802.606283 sending message 112 to peer 0x653ac775b890 (12 bytes)
1732260802.606303 sending message 112 to peer 0x653ac775b890 (12 bytes)
1732260802.606320 sending message 112 to peer 0x653ac775b890 (12 bytes)
1732260802.606338 sending message 112 to peer 0x653ac775b890 (10 bytes)
1732260802.606356 sending message 112 to peer 0x653ac775b890 (10 bytes)
1732260802.606375 sending message 112 to peer 0x653ac775b890 (10 bytes)
1732260802.606393 sending message 112 to peer 0x653ac775b890 (12 bytes)
1732260802.606411 sending message 112 to peer 0x653ac775b890 (13 bytes)
1732260802.606483 sending message 112 to peer 0x653ac775b890 (13 bytes)
1732260802.606508 sending message 112 to peer 0x653ac775b890 (13 bytes)
1732260802.606530 sending message 112 to peer 0x653ac775b890 (13 bytes)
1732260802.606553 sending message 112 to peer 0x653ac775b890 (13 bytes)
1732260802.606579 sending message 112 to peer 0x653ac775b890 (10 bytes)
1732260802.606613 sending message 112 to peer 0x653ac775b890 (11 bytes)
1732260802.606636 sending message 112 to peer 0x653ac775b890 (12 bytes)
1732260802.606656 sending message 112 to peer 0x653ac775b890 (12 bytes)
1732260802.606676 sending message 112 to peer 0x653ac775b890 (12 bytes)
1732260802.606693 sending message 112 to peer 0x653ac775b890 (12 bytes)
1732260802.606710 sending message 112 to peer 0x653ac775b890 (12 bytes)
1732260802.606727 sending message 112 to peer 0x653ac775b890 (11 bytes)
1732260802.606745 sending message 112 to peer 0x653ac775b890 (12 bytes)
1732260802.606763 sending message 112 to peer 0x653ac775b890 (12 bytes)
1732260802.606782 sending message 112 to peer 0x653ac775b890 (13 bytes)
1732260802.606799 sending message 112 to peer 0x653ac775b890 (13 bytes)
1732260802.606818 sending message 112 to peer 0x653ac775b890 (13 bytes)
1732260802.606836 sending message 112 to peer 0x653ac775b890 (13 bytes)
1732260802.606855 sending message 112 to peer 0x653ac775b890 (13 bytes)
1732260802.606873 sending message 112 to peer 0x653ac775b890 (10 bytes)
1732260802.606892 sending message 112 to peer 0x653ac775b890 (9 bytes)
1732260802.606914 sending message 112 to peer 0x653ac775b890 (12 bytes)
1732260802.606932 sending message 112 to peer 0x653ac775b890 (13 bytes)
1732260802.606950 sending message 112 to peer 0x653ac775b890 (13 bytes)
1732260802.606994 sending message 112 to peer 0x653ac775b890 (13 bytes)
1732260802.607021 sending message 112 to peer 0x653ac775b890 (13 bytes)
1732260802.607040 sending message 112 to peer 0x653ac775b890 (13 bytes)
1732260802.607059 sending message 112 to peer 0x653ac775b890 (9 bytes)
1732260802.607076 sending message 112 to peer 0x653ac775b890 (12 bytes)
1732260802.607094 sending message 112 to peer 0x653ac775b890 (13 bytes)
1732260802.607113 sending message 112 to peer 0x653ac775b890 (13 bytes)
1732260802.607131 sending message 112 to peer 0x653ac775b890 (13 bytes)
1732260802.607149 sending message 112 to peer 0x653ac775b890 (13 bytes)
1732260802.607166 sending message 112 to peer 0x653ac775b890 (13 bytes)
1732260802.607185 sending message 112 to peer 0x653ac775b890 (11 bytes)
1732260802.607202 sending message 112 to peer 0x653ac775b890 (12 bytes)
1732260802.607220 sending message 112 to peer 0x653ac775b890 (13 bytes)
1732260802.607238 sending message 112 to peer 0x653ac775b890 (13 bytes)
1732260802.607256 sending message 112 to peer 0x653ac775b890 (13 bytes)
1732260802.607274 sending message 112 to peer 0x653ac775b890 (13 bytes)
1732260802.607292 sending message 112 to peer 0x653ac775b890 (13 bytes)
1732260802.607317 sending message 112 to peer 0x653ac775b890 (11 bytes)
1732260802.607337 sending message 112 to peer 0x653ac775b890 (12 bytes)
1732260802.607355 sending message 112 to peer 0x653ac775b890 (12 bytes)
1732260802.607373 sending message 112 to peer 0x653ac775b890 (12 bytes)
1732260802.607390 sending message 112 to peer 0x653ac775b890 (12 bytes)
1732260802.607409 sending message 112 to peer 0x653ac775b890 (12 bytes)
1732260802.607445 sending message 112 to peer 0x653ac775b890 (21 bytes)
1732260802.607474 sending message 112 to peer 0x653ac775b890 (12 bytes)
1732260802.607493 sending message 112 to peer 0x653ac775b890 (9 bytes)
1732260802.607514 sending message 112 to peer 0x653ac775b890 (6 bytes)
1732260802.607532 sending message 112 to peer 0x653ac775b890 (13 bytes)
1732260802.607553 sending message 112 to peer 0x653ac775b890 (10 bytes)
1732260802.607571 sending message 112 to peer 0x653ac775b890 (24 bytes)
1732260802.607590 sending message 112 to peer 0x653ac775b890 (13 bytes)
1732260802.607607 sending message 112 to peer 0x653ac775b890 (9 bytes)
1732260802.607629 sending message 112 to peer 0x653ac775b890 (70 bytes)
1732260802.607662 sending message 112 to peer 0x653ac775b890 (69 bytes)
1732260802.607694 sending message 112 to peer 0x653ac775b890 (12 bytes)
1732260802.607718 sending message 112 to peer 0x653ac775b890 (10 bytes)
1732260802.607742 sending message 112 to peer 0x653ac775b890 (10 bytes)
1732260802.607768 sending message 112 to peer 0x653ac775b890 (24 bytes)
1732260802.607804 sending message 112 to peer 0x653ac775b890 (13 bytes)
1732260802.607836 sending message 112 to peer 0x653ac775b890 (10 bytes)
1732260802.607856 sending message 112 to peer 0x653ac775b890 (10 bytes)
1732260802.607876 sending message 112 to peer 0x653ac775b890 (10 bytes)
1732260802.607895 sending message 112 to peer 0x653ac775b890 (13 bytes)
1732260802.607913 sending message 112 to peer 0x653ac775b890 (15 bytes)
1732260802.607931 sending message 112 to peer 0x653ac775b890 (5 bytes)
1732260802.607958 sending message 104 to peer 0x653ac775b890 (0 bytes)
1732260802.607983 sending message 110 to peer 0x653ac775b890 (0 bytes)
1732260802.608005 sending message 107 to peer 0x653ac775b890 (4 bytes)
1732260802.608024 sending message 105 to peer 0x653ac775b890 (16 bytes)
1732260802.608045 sending message 105 to peer 0x653ac775b890 (84 bytes)
1732260802.608064 sending message 105 to peer 0x653ac775b890 (19 bytes)
1732260802.608083 sending message 105 to peer 0x653ac775b890 (20 bytes)
1732260802.608103 sending message 105 to peer 0x653ac775b890 (45 bytes)
1732260802.608122 sending message 105 to peer 0x653ac775b890 (23 bytes)
1732260802.608142 sending message 105 to peer 0x653ac775b890 (44 bytes)
1732260802.608162 sending message 105 to peer 0x653ac775b890 (45 bytes)
1732260802.608184 sending message 105 to peer 0x653ac775b890 (32 bytes)
1732260802.608230 sending message 105 to peer 0x653ac775b890 (41 bytes)
1732260802.608251 sending message 105 to peer 0x653ac775b890 (51 bytes)
1732260802.608269 sending message 105 to peer 0x653ac775b890 (20 bytes)
1732260802.608287 sending message 105 to peer 0x653ac775b890 (23 bytes)
1732260802.608303 sending message 105 to peer 0x653ac775b890 (28 bytes)
1732260802.608321 sending message 105 to peer 0x653ac775b890 (85 bytes)
1732260802.608339 sending message 105 to peer 0x653ac775b890 (16 bytes)
1732260802.608359 sending message 105 to peer 0x653ac775b890 (27 bytes)
1732260802.608383 sending message 105 to peer 0x653ac775b890 (25 bytes)
1732260802.608406 sending message 105 to peer 0x653ac775b890 (22 bytes)
1732260802.608442 sending message 105 to peer 0x653ac775b890 (54 bytes)
1732260802.608472 sending message 105 to peer 0x653ac775b890 (19 bytes)
1732260802.608491 sending message 105 to peer 0x653ac775b890 (17 bytes)
1732260802.608516 sending message 105 to peer 0x653ac775b890 (18 bytes)
1732260802.608539 sending message 105 to peer 0x653ac775b890 (17 bytes)
1732260802.608559 sending message 105 to peer 0x653ac775b890 (1817 bytes)
1732260802.608626 sending message 105 to peer 0x653ac775b890 (33 bytes)
1732260802.608649 sending message 105 to peer 0x653ac775b890 (155 bytes)
1732260802.608667 sending message 105 to peer 0x653ac775b890 (17 bytes)
1732260802.608684 sending message 105 to peer 0x653ac775b890 (26 bytes)
1732260802.608702 sending message 105 to peer 0x653ac775b890 (86 bytes)
1732260802.608730 sending message 105 to peer 0x653ac775b890 (56 bytes)
1732260802.608748 sending message 105 to peer 0x653ac775b890 (23 bytes)
1732260802.608765 sending message 105 to peer 0x653ac775b890 (34 bytes)
1732260802.608784 sending message 105 to peer 0x653ac775b890 (23 bytes)
1732260802.608802 sending message 105 to peer 0x653ac775b890 (20 bytes)
1732260802.608826 sending message 105 to peer 0x653ac775b890 (32 bytes)
1732260802.608862 sending message 105 to peer 0x653ac775b890 (13 bytes)
1732260802.608888 sending message 105 to peer 0x653ac775b890 (30 bytes)
1732260802.608920 sending message 105 to peer 0x653ac775b890 (11 bytes)
1732260802.608950 sending message 105 to peer 0x653ac775b890 (8 bytes)
1732260802.608970 sending message 105 to peer 0x653ac775b890 (35 bytes)
1732260802.608989 sending message 105 to peer 0x653ac775b890 (18 bytes)
1732260802.609007 sending message 105 to peer 0x653ac775b890 (31 bytes)
1732260802.609026 sending message 105 to peer 0x653ac775b890 (47 bytes)
1732260802.609043 sending message 105 to peer 0x653ac775b890 (102 bytes)
1732260802.609063 sending message 105 to peer 0x653ac775b890 (114 bytes)
1732260802.609084 sending message 105 to peer 0x653ac775b890 (18 bytes)
1732260802.609105 sending message 105 to peer 0x653ac775b890 (54 bytes)
1732260802.609125 sending message 105 to peer 0x653ac775b890 (55 bytes)
1732260802.609144 sending message 105 to peer 0x653ac775b890 (16 bytes)
1732260802.609163 sending message 106 to peer 0x653ac775b890 (0 bytes)
1732260802.609385 sending message 200 to peer 0x653ac775b890 (4 bytes)
1732260802.609413 client loop enter
1732260802.609549 client_signal: Child exited
1732260802.888563 peer 0x653ac775b890 message 207
1732260802.888583 sending message 208 to peer 0x653ac775b890 (0 bytes)
1732260962.285644 peer 0x653ac775b890 message 201
1732260962.285716 sending message 205 to peer 0x653ac775b890 (0 bytes)
1732260962.287138 peer 0x653ac775b890 message 204
1732260962.287199 client loop exit
